<?xml version="1.0" encoding="UTF-8"?>
<!-- Generated by org.testng.reporters.JUnitReportReporter -->
<testsuite hostname="Ankur" name="com.POMFramework.testcases.TestingSQA" tests="3" failures="0" timestamp="2 Mar 2021 14:02:32 GMT" time="164.260" errors="0">
  <testcase name="homePage" time="46.738" classname="com.POMFramework.testcases.TestingSQA"/>
  <testcase name="dbPage" time="37.099" classname="com.POMFramework.testcases.TestingSQA"/>
  <testcase name="loginPage" time="80.423" classname="com.POMFramework.testcases.TestingSQA"/>
</testsuite> <!-- com.POMFramework.testcases.TestingSQA -->
