<?xml version="1.0" encoding="UTF-8"?>
<!-- Generated by org.testng.reporters.JUnitReportReporter -->
<testsuite hostname="Ankur" name="FrameworkPOM.FrameworkPOMDemo.LoginTestCRM" tests="1" failures="0" timestamp="2 Mar 2021 07:52:46 GMT" time="15.217" errors="0">
  <testcase name="loginApp" time="15.217" classname="FrameworkPOM.FrameworkPOMDemo.LoginTestCRM"/>
</testsuite> <!-- FrameworkPOM.FrameworkPOMDemo.LoginTestCRM -->
