<?xml version="1.0" encoding="UTF-8"?>
<!-- Generated by org.testng.reporters.JUnitReportReporter -->
<testsuite hostname="Ankur" name="com.POMFramework.testcases.LoginTestCRM" tests="1" failures="0" timestamp="2 Mar 2021 11:02:35 GMT" time="7.092" errors="0">
  <testcase name="loginApp" time="7.092" classname="com.POMFramework.testcases.LoginTestCRM"/>
</testsuite> <!-- com.POMFramework.testcases.LoginTestCRM -->
