<?xml version="1.0" encoding="UTF-8"?>
<!-- Generated by org.testng.reporters.JUnitReportReporter -->
<testsuite hostname="Ankur" name="com.POMFramework.testcases.TestingSQA" tests="3" failures="0" timestamp="3 Mar 2021 10:59:38 GMT" time="94.222" errors="0">
  <testcase name="homePage" time="25.755" classname="com.POMFramework.testcases.TestingSQA"/>
  <testcase name="dbPage" time="30.370" classname="com.POMFramework.testcases.TestingSQA"/>
  <testcase name="loginPage" time="38.097" classname="com.POMFramework.testcases.TestingSQA"/>
</testsuite> <!-- com.POMFramework.testcases.TestingSQA -->
