<?xml version="1.0" encoding="UTF-8"?>
<!-- Generated by org.testng.reporters.JUnitReportReporter -->
<testsuite hostname="Ankur" name="com.POMFramework.testcases.Newtest1" tests="1" failures="0" timestamp="8 Mar 2021 07:47:35 GMT" time="13.178" errors="0">
  <testcase name="flipkart" time="13.178" classname="com.POMFramework.testcases.Newtest1"/>
</testsuite> <!-- com.POMFramework.testcases.Newtest1 -->
